<?xml version="1.0" encoding="UTF-8"?>
<testsuite name="com.jojoldu.book.springboot.web.HelloControllerTest" tests="2" skipped="0" failures="0" errors="0" timestamp="2021-06-02T08:32:57" hostname="ebebe-Rev-B" time="0.039">
  <properties/>
  <testcase name="hello가_리턴된다" classname="com.jojoldu.book.springboot.web.HelloControllerTest" time="0.013"/>
  <testcase name="helloDto가_리턴된다" classname="com.jojoldu.book.springboot.web.HelloControllerTest" time="0.025"/>
  <system-out><![CDATA[2021-06-02 17:32:57.351  INFO 7356 --- [    Test worker] .b.t.a.w.s.WebMvcTestContextBootstrapper : Neither @ContextConfiguration nor @ContextHierarchy found for test class [com.jojoldu.book.springboot.web.HelloControllerTest], using SpringBootContextLoader
2021-06-02 17:32:57.352  INFO 7356 --- [    Test worker] o.s.t.c.support.AbstractContextLoader    : Could not detect default resource locations for test class [com.jojoldu.book.springboot.web.HelloControllerTest]: no resource found for suffixes {-context.xml, Context.groovy}.
2021-06-02 17:32:57.352  INFO 7356 --- [    Test worker] t.c.s.AnnotationConfigContextLoaderUtils : Could not detect default configuration classes for test class [com.jojoldu.book.springboot.web.HelloControllerTest]: HelloControllerTest does not declare any static, non-private, non-final, nested classes annotated with @Configuration.
2021-06-02 17:32:57.368  INFO 7356 --- [    Test worker] .b.t.c.SpringBootTestContextBootstrapper : Found @SpringBootConfiguration com.jojoldu.book.springboot.Application for test class com.jojoldu.book.springboot.web.HelloControllerTest
2021-06-02 17:32:57.368  INFO 7356 --- [    Test worker] .b.t.a.w.s.WebMvcTestContextBootstrapper : Loaded default TestExecutionListener class names from location [META-INF/spring.factories]: [org.springframework.security.test.context.support.WithSecurityContextTestExecutionListener, org.springframework.security.test.context.support.ReactorContextTestExecutionListener, org.springframework.boot.test.autoconfigure.restdocs.RestDocsTestExecutionListener, org.springframework.boot.test.autoconfigure.web.client.MockRestServiceServerResetTestExecutionListener, org.springframework.boot.test.autoconfigure.web.servlet.MockMvcPrintOnlyOnFailureTestExecutionListener, org.springframework.boot.test.autoconfigure.web.servlet.WebDriverTestExecutionListener, org.springframework.boot.test.mock.mockito.MockitoTestExecutionListener, org.springframework.boot.test.mock.mockito.ResetMocksTestExecutionListener, org.springframework.test.context.web.ServletTestExecutionListener, org.springframework.test.context.support.DirtiesContextBeforeModesTestExecutionListener, org.springframework.test.context.support.DependencyInjectionTestExecutionListener, org.springframework.test.context.support.DirtiesContextTestExecutionListener, org.springframework.test.context.transaction.TransactionalTestExecutionListener, org.springframework.test.context.jdbc.SqlScriptsTestExecutionListener]
2021-06-02 17:32:57.369  INFO 7356 --- [    Test worker] .b.t.a.w.s.WebMvcTestContextBootstrapper : Using TestExecutionListeners: [org.springframework.test.context.web.ServletTestExecutionListener@78bf61d, org.springframework.test.context.support.DirtiesContextBeforeModesTestExecutionListener@758c10bb, org.springframework.boot.test.mock.mockito.MockitoTestExecutionListener@29a7c7b5, org.springframework.boot.test.autoconfigure.SpringBootDependencyInjectionTestExecutionListener@20f71229, org.springframework.test.context.support.DirtiesContextTestExecutionListener@78143334, org.springframework.test.context.transaction.TransactionalTestExecutionListener@6d88ed45, org.springframework.test.context.jdbc.SqlScriptsTestExecutionListener@7a85152e, org.springframework.security.test.context.support.WithSecurityContextTestExecutionListener@627b360d, org.springframework.security.test.context.support.ReactorContextTestExecutionListener@3baf24e5, org.springframework.boot.test.autoconfigure.restdocs.RestDocsTestExecutionListener@11670410, org.springframework.boot.test.autoconfigure.web.client.MockRestServiceServerResetTestExecutionListener@43994f77, org.springframework.boot.test.autoconfigure.web.servlet.MockMvcPrintOnlyOnFailureTestExecutionListener@78e9c257, org.springframework.boot.test.autoconfigure.web.servlet.WebDriverTestExecutionListener@3a2349a3, org.springframework.boot.test.mock.mockito.ResetMocksTestExecutionListener@134d8d73]

  .   ____          _            __ _ _
 /\\ / ___'_ __ _ _(_)_ __  __ _ \ \ \ \
( ( )\___ | '_ | '_| | '_ \/ _` | \ \ \ \
 \\/  ___)| |_)| | | | | || (_| |  ) ) ) )
  '  |____| .__|_| |_|_| |_\__, | / / / /
 =========|_|==============|___/=/_/_/_/
 :: Spring Boot ::        (v2.1.7.RELEASE)

2021-06-02 17:32:57.392  INFO 7356 --- [    Test worker] c.j.b.s.web.HelloControllerTest          : Starting HelloControllerTest on ebebe-Rev-B with PID 7356 (started by ebebe in /home/ebebe/com.jojodu.book)
2021-06-02 17:32:57.393  INFO 7356 --- [    Test worker] c.j.b.s.web.HelloControllerTest          : The following profiles are active: oauth
2021-06-02 17:32:57.662  INFO 7356 --- [    Test worker] o.s.s.concurrent.ThreadPoolTaskExecutor  : Initializing ExecutorService 'applicationTaskExecutor'
2021-06-02 17:32:57.683  INFO 7356 --- [    Test worker] o.s.b.a.w.s.WelcomePageHandlerMapping    : Adding welcome page template: index
2021-06-02 17:32:57.802  INFO 7356 --- [    Test worker] .s.s.UserDetailsServiceAutoConfiguration : 

Using generated security password: 5a80e701-e655-4315-8181-dc70d1efd462

2021-06-02 17:32:57.905  INFO 7356 --- [    Test worker] o.s.s.web.DefaultSecurityFilterChain     : Creating filter chain: any request, [org.springframework.security.web.context.request.async.WebAsyncManagerIntegrationFilter@697c21e3, org.springframework.security.web.context.SecurityContextPersistenceFilter@5fa079ca, org.springframework.security.web.header.HeaderWriterFilter@a614ade, org.springframework.security.web.csrf.CsrfFilter@18fef8c9, org.springframework.security.web.authentication.logout.LogoutFilter@46894e9b, org.springframework.security.web.authentication.UsernamePasswordAuthenticationFilter@75a0415f, org.springframework.security.web.authentication.ui.DefaultLoginPageGeneratingFilter@262eea42, org.springframework.security.web.authentication.ui.DefaultLogoutPageGeneratingFilter@481cdd28, org.springframework.security.web.authentication.www.BasicAuthenticationFilter@4b15bbba, org.springframework.security.web.savedrequest.RequestCacheAwareFilter@75635550, org.springframework.security.web.servletapi.SecurityContextHolderAwareRequestFilter@75d4c698, org.springframework.security.web.authentication.AnonymousAuthenticationFilter@2eb277fa, org.springframework.security.web.session.SessionManagementFilter@6536d3eb, org.springframework.security.web.access.ExceptionTranslationFilter@481c5eb0, org.springframework.security.web.access.intercept.FilterSecurityInterceptor@44323a6b]
2021-06-02 17:32:57.915  INFO 7356 --- [    Test worker] o.s.b.t.m.w.SpringBootMockServletContext : Initializing Spring TestDispatcherServlet ''
2021-06-02 17:32:57.915  INFO 7356 --- [    Test worker] o.s.t.web.servlet.TestDispatcherServlet  : Initializing Servlet ''
2021-06-02 17:32:57.916  INFO 7356 --- [    Test worker] o.s.t.web.servlet.TestDispatcherServlet  : Completed initialization in 1 ms
2021-06-02 17:32:57.935  INFO 7356 --- [    Test worker] c.j.b.s.web.HelloControllerTest          : Started HelloControllerTest in 0.564 seconds (JVM running for 8.184)
]]></system-out>
  <system-err><![CDATA[]]></system-err>
</testsuite>
