<?xml version="1.0" encoding="UTF-8"?>
<testsuite name="com.jojoldu.book.springboot.web.PostsApiControllerTest" tests="2" skipped="0" failures="0" errors="0" timestamp="2021-06-02T08:32:56" hostname="ebebe-Rev-B" time="0.215">
  <properties/>
  <testcase name="Posts_등록된다" classname="com.jojoldu.book.springboot.web.PostsApiControllerTest" time="0.185"/>
  <testcase name="Posts_수정된다" classname="com.jojoldu.book.springboot.web.PostsApiControllerTest" time="0.029"/>
  <system-out><![CDATA[2021-06-02 17:32:55.413  INFO 7356 --- [    Test worker] .b.t.c.SpringBootTestContextBootstrapper : Neither @ContextConfiguration nor @ContextHierarchy found for test class [com.jojoldu.book.springboot.web.PostsApiControllerTest], using SpringBootContextLoader
2021-06-02 17:32:55.413  INFO 7356 --- [    Test worker] o.s.t.c.support.AbstractContextLoader    : Could not detect default resource locations for test class [com.jojoldu.book.springboot.web.PostsApiControllerTest]: no resource found for suffixes {-context.xml, Context.groovy}.
2021-06-02 17:32:55.413  INFO 7356 --- [    Test worker] t.c.s.AnnotationConfigContextLoaderUtils : Could not detect default configuration classes for test class [com.jojoldu.book.springboot.web.PostsApiControllerTest]: PostsApiControllerTest does not declare any static, non-private, non-final, nested classes annotated with @Configuration.
2021-06-02 17:32:55.418  INFO 7356 --- [    Test worker] .b.t.c.SpringBootTestContextBootstrapper : Found @SpringBootConfiguration com.jojoldu.book.springboot.Application for test class com.jojoldu.book.springboot.web.PostsApiControllerTest
2021-06-02 17:32:55.419  INFO 7356 --- [    Test worker] .b.t.c.SpringBootTestContextBootstrapper : Loaded default TestExecutionListener class names from location [META-INF/spring.factories]: [org.springframework.security.test.context.support.WithSecurityContextTestExecutionListener, org.springframework.security.test.context.support.ReactorContextTestExecutionListener, org.springframework.boot.test.autoconfigure.restdocs.RestDocsTestExecutionListener, org.springframework.boot.test.autoconfigure.web.client.MockRestServiceServerResetTestExecutionListener, org.springframework.boot.test.autoconfigure.web.servlet.MockMvcPrintOnlyOnFailureTestExecutionListener, org.springframework.boot.test.autoconfigure.web.servlet.WebDriverTestExecutionListener, org.springframework.boot.test.mock.mockito.MockitoTestExecutionListener, org.springframework.boot.test.mock.mockito.ResetMocksTestExecutionListener, org.springframework.test.context.web.ServletTestExecutionListener, org.springframework.test.context.support.DirtiesContextBeforeModesTestExecutionListener, org.springframework.test.context.support.DependencyInjectionTestExecutionListener, org.springframework.test.context.support.DirtiesContextTestExecutionListener, org.springframework.test.context.transaction.TransactionalTestExecutionListener, org.springframework.test.context.jdbc.SqlScriptsTestExecutionListener]
2021-06-02 17:32:55.420  INFO 7356 --- [    Test worker] .b.t.c.SpringBootTestContextBootstrapper : Using TestExecutionListeners: [org.springframework.test.context.web.ServletTestExecutionListener@686e92d, org.springframework.test.context.support.DirtiesContextBeforeModesTestExecutionListener@47d320b7, org.springframework.boot.test.mock.mockito.MockitoTestExecutionListener@758b2ea8, org.springframework.boot.test.autoconfigure.SpringBootDependencyInjectionTestExecutionListener@3835897, org.springframework.test.context.support.DirtiesContextTestExecutionListener@32fd064b, org.springframework.test.context.transaction.TransactionalTestExecutionListener@6c754e3b, org.springframework.test.context.jdbc.SqlScriptsTestExecutionListener@4027d373, org.springframework.security.test.context.support.WithSecurityContextTestExecutionListener@59f96c00, org.springframework.security.test.context.support.ReactorContextTestExecutionListener@3ecf62a, org.springframework.boot.test.autoconfigure.restdocs.RestDocsTestExecutionListener@452e74fa, org.springframework.boot.test.autoconfigure.web.client.MockRestServiceServerResetTestExecutionListener@3b6c8b67, org.springframework.boot.test.autoconfigure.web.servlet.MockMvcPrintOnlyOnFailureTestExecutionListener@29676966, org.springframework.boot.test.autoconfigure.web.servlet.WebDriverTestExecutionListener@4dde97c6, org.springframework.boot.test.mock.mockito.ResetMocksTestExecutionListener@7b61a323]

  .   ____          _            __ _ _
 /\\ / ___'_ __ _ _(_)_ __  __ _ \ \ \ \
( ( )\___ | '_ | '_| | '_ \/ _` | \ \ \ \
 \\/  ___)| |_)| | | | | || (_| |  ) ) ) )
  '  |____| .__|_| |_|_| |_\__, | / / / /
 =========|_|==============|___/=/_/_/_/
 :: Spring Boot ::        (v2.1.7.RELEASE)

2021-06-02 17:32:55.443  INFO 7356 --- [    Test worker] c.j.b.s.web.PostsApiControllerTest       : Starting PostsApiControllerTest on ebebe-Rev-B with PID 7356 (started by ebebe in /home/ebebe/com.jojodu.book)
2021-06-02 17:32:55.443  INFO 7356 --- [    Test worker] c.j.b.s.web.PostsApiControllerTest       : The following profiles are active: oauth
2021-06-02 17:32:55.601  INFO 7356 --- [    Test worker] .s.d.r.c.RepositoryConfigurationDelegate : Bootstrapping Spring Data repositories in DEFAULT mode.
2021-06-02 17:32:55.611  INFO 7356 --- [    Test worker] .s.d.r.c.RepositoryConfigurationDelegate : Finished Spring Data repository scanning in 9ms. Found 2 repository interfaces.
2021-06-02 17:32:55.697  INFO 7356 --- [    Test worker] trationDelegate$BeanPostProcessorChecker : Bean 'org.springframework.transaction.annotation.ProxyTransactionManagementConfiguration' of type [org.springframework.transaction.annotation.ProxyTransactionManagementConfiguration$$EnhancerBySpringCGLIB$$30a836f3] is not eligible for getting processed by all BeanPostProcessors (for example: not eligible for auto-proxying)
2021-06-02 17:32:55.884  INFO 7356 --- [    Test worker] o.s.b.w.embedded.tomcat.TomcatWebServer  : Tomcat initialized with port(s): 0 (http)
2021-06-02 17:32:55.910  INFO 7356 --- [    Test worker] o.apache.catalina.core.StandardService   : Starting service [Tomcat]
2021-06-02 17:32:55.910  INFO 7356 --- [    Test worker] org.apache.catalina.core.StandardEngine  : Starting Servlet engine: [Apache Tomcat/9.0.22]
2021-06-02 17:32:56.000  INFO 7356 --- [    Test worker] o.a.c.c.C.[Tomcat].[localhost].[/]       : Initializing Spring embedded WebApplicationContext
2021-06-02 17:32:56.001  INFO 7356 --- [    Test worker] o.s.web.context.ContextLoader            : Root WebApplicationContext: initialization completed in 556 ms
2021-06-02 17:32:56.098  INFO 7356 --- [    Test worker] com.zaxxer.hikari.HikariDataSource       : HikariPool-2 - Starting...
2021-06-02 17:32:56.099  INFO 7356 --- [    Test worker] com.zaxxer.hikari.HikariDataSource       : HikariPool-2 - Start completed.
2021-06-02 17:32:56.116  INFO 7356 --- [    Test worker] o.hibernate.jpa.internal.util.LogHelper  : HHH000204: Processing PersistenceUnitInfo [
	name: default
	...]
2021-06-02 17:32:56.120  INFO 7356 --- [    Test worker] org.hibernate.dialect.Dialect            : HHH000400: Using dialect: org.hibernate.dialect.MySQL5InnoDBDialect
Hibernate: drop table if exists posts
Hibernate: drop table if exists user
Hibernate: create table posts (id bigint not null auto_increment, created_date datetime, modified_date datetime, author varchar(255), content TEXT not null, title varchar(500) not null, primary key (id)) engine=InnoDB
Hibernate: create table user (id bigint not null auto_increment, created_date datetime, modified_date datetime, email varchar(255) not null, name varchar(255) not null, picture varchar(255), role varchar(255) not null, primary key (id)) engine=InnoDB
2021-06-02 17:32:56.161  INFO 7356 --- [    Test worker] o.h.t.schema.internal.SchemaCreatorImpl  : HHH000476: Executing import script 'org.hibernate.tool.schema.internal.exec.ScriptSourceInputNonExistentImpl@9436b85'
2021-06-02 17:32:56.162  INFO 7356 --- [    Test worker] j.LocalContainerEntityManagerFactoryBean : Initialized JPA EntityManagerFactory for persistence unit 'default'
2021-06-02 17:32:56.399  INFO 7356 --- [    Test worker] o.h.h.i.QueryTranslatorFactoryInitiator  : HHH000397: Using ASTQueryTranslatorFactory
2021-06-02 17:32:56.516  INFO 7356 --- [    Test worker] o.s.s.web.DefaultSecurityFilterChain     : Creating filter chain: any request, [org.springframework.security.web.context.request.async.WebAsyncManagerIntegrationFilter@1d1ab2e7, org.springframework.security.web.context.SecurityContextPersistenceFilter@124fea32, org.springframework.security.web.header.HeaderWriterFilter@70934dbc, org.springframework.security.web.authentication.logout.LogoutFilter@48dbb56d, org.springframework.security.oauth2.client.web.OAuth2AuthorizationRequestRedirectFilter@595af235, org.springframework.security.oauth2.client.web.OAuth2LoginAuthenticationFilter@2ca7ce30, org.springframework.security.web.authentication.ui.DefaultLoginPageGeneratingFilter@25a8d590, org.springframework.security.web.authentication.ui.DefaultLogoutPageGeneratingFilter@7d79142a, org.springframework.security.web.savedrequest.RequestCacheAwareFilter@15a9bc3b, org.springframework.security.web.servletapi.SecurityContextHolderAwareRequestFilter@7fbdfd9f, org.springframework.security.web.authentication.AnonymousAuthenticationFilter@733c9aea, org.springframework.security.web.session.SessionManagementFilter@50be890, org.springframework.security.web.access.ExceptionTranslationFilter@538a9d75, org.springframework.security.web.access.intercept.FilterSecurityInterceptor@4bb576d8]
2021-06-02 17:32:56.694  INFO 7356 --- [    Test worker] o.s.s.concurrent.ThreadPoolTaskExecutor  : Initializing ExecutorService 'applicationTaskExecutor'
2021-06-02 17:32:56.704  WARN 7356 --- [    Test worker] aWebConfiguration$JpaWebMvcConfiguration : spring.jpa.open-in-view is enabled by default. Therefore, database queries may be performed during view rendering. Explicitly configure spring.jpa.open-in-view to disable this warning
2021-06-02 17:32:56.723  INFO 7356 --- [    Test worker] o.s.b.a.w.s.WelcomePageHandlerMapping    : Adding welcome page template: index
2021-06-02 17:32:56.903  INFO 7356 --- [    Test worker] s.a.ScheduledAnnotationBeanPostProcessor : No TaskScheduler/ScheduledExecutorService bean found for scheduled processing
2021-06-02 17:32:56.926  INFO 7356 --- [    Test worker] o.s.b.w.embedded.tomcat.TomcatWebServer  : Tomcat started on port(s): 46489 (http) with context path ''
2021-06-02 17:32:56.927  INFO 7356 --- [    Test worker] c.j.b.s.web.PostsApiControllerTest       : Started PostsApiControllerTest in 1.506 seconds (JVM running for 7.176)
2021-06-02 17:32:56.958  INFO 7356 --- [    Test worker] o.a.c.c.C.[Tomcat].[localhost].[/]       : Initializing Spring TestDispatcherServlet ''
2021-06-02 17:32:56.958  INFO 7356 --- [    Test worker] o.s.t.web.servlet.TestDispatcherServlet  : Initializing Servlet ''
2021-06-02 17:32:56.969  INFO 7356 --- [    Test worker] o.s.t.web.servlet.TestDispatcherServlet  : Completed initialization in 11 ms
Hibernate: insert into posts (created_date, modified_date, author, content, title) values (?, ?, ?, ?, ?)
Hibernate: select posts0_.id as id1_0_, posts0_.created_date as created_2_0_, posts0_.modified_date as modified3_0_, posts0_.author as author4_0_, posts0_.content as content5_0_, posts0_.title as title6_0_ from posts posts0_
Hibernate: select posts0_.id as id1_0_, posts0_.created_date as created_2_0_, posts0_.modified_date as modified3_0_, posts0_.author as author4_0_, posts0_.content as content5_0_, posts0_.title as title6_0_ from posts posts0_
Hibernate: delete from posts where id=?
2021-06-02 17:32:57.121  INFO 7356 --- [    Test worker] o.a.c.c.C.[Tomcat].[localhost].[/]       : Initializing Spring TestDispatcherServlet ''
2021-06-02 17:32:57.121  INFO 7356 --- [    Test worker] o.s.t.web.servlet.TestDispatcherServlet  : Initializing Servlet ''
2021-06-02 17:32:57.124  INFO 7356 --- [    Test worker] o.s.t.web.servlet.TestDispatcherServlet  : Completed initialization in 3 ms
Hibernate: insert into posts (created_date, modified_date, author, content, title) values (?, ?, ?, ?, ?)
Hibernate: select posts0_.id as id1_0_0_, posts0_.created_date as created_2_0_0_, posts0_.modified_date as modified3_0_0_, posts0_.author as author4_0_0_, posts0_.content as content5_0_0_, posts0_.title as title6_0_0_ from posts posts0_ where posts0_.id=?
Hibernate: update posts set created_date=?, modified_date=?, author=?, content=?, title=? where id=?
Hibernate: select posts0_.id as id1_0_, posts0_.created_date as created_2_0_, posts0_.modified_date as modified3_0_, posts0_.author as author4_0_, posts0_.content as content5_0_, posts0_.title as title6_0_ from posts posts0_
Hibernate: select posts0_.id as id1_0_, posts0_.created_date as created_2_0_, posts0_.modified_date as modified3_0_, posts0_.author as author4_0_, posts0_.content as content5_0_, posts0_.title as title6_0_ from posts posts0_
Hibernate: delete from posts where id=?
]]></system-out>
  <system-err><![CDATA[]]></system-err>
</testsuite>
