<?xml version="1.0" encoding="UTF-8"?>
<testsuite name="com.jojoldu.book.springboot.domain.posts.PostsRepositoryTest" tests="2" skipped="0" failures="0" errors="0" timestamp="2021-06-02T08:32:55" hostname="ebebe-Rev-B" time="0.239">
  <properties/>
  <testcase name="PostSave_Load" classname="com.jojoldu.book.springboot.domain.posts.PostsRepositoryTest" time="0.228"/>
  <testcase name="BaseTimeEntity_create" classname="com.jojoldu.book.springboot.domain.posts.PostsRepositoryTest" time="0.01"/>
  <system-out><![CDATA[17:32:50.262 [Test worker] DEBUG org.springframework.test.context.junit4.SpringJUnit4ClassRunner - SpringJUnit4ClassRunner constructor called with [class com.jojoldu.book.springboot.domain.posts.PostsRepositoryTest]
17:32:50.268 [Test worker] DEBUG org.springframework.test.context.BootstrapUtils - Instantiating CacheAwareContextLoaderDelegate from class [org.springframework.test.context.cache.DefaultCacheAwareContextLoaderDelegate]
17:32:50.274 [Test worker] DEBUG org.springframework.test.context.BootstrapUtils - Instantiating BootstrapContext using constructor [public org.springframework.test.context.support.DefaultBootstrapContext(java.lang.Class,org.springframework.test.context.CacheAwareContextLoaderDelegate)]
17:32:50.288 [Test worker] DEBUG org.springframework.test.context.BootstrapUtils - Instantiating TestContextBootstrapper for test class [com.jojoldu.book.springboot.domain.posts.PostsRepositoryTest] from class [org.springframework.boot.test.context.SpringBootTestContextBootstrapper]
17:32:50.297 [Test worker] INFO org.springframework.boot.test.context.SpringBootTestContextBootstrapper - Neither @ContextConfiguration nor @ContextHierarchy found for test class [com.jojoldu.book.springboot.domain.posts.PostsRepositoryTest], using SpringBootContextLoader
17:32:50.299 [Test worker] DEBUG org.springframework.test.context.support.AbstractContextLoader - Did not detect default resource location for test class [com.jojoldu.book.springboot.domain.posts.PostsRepositoryTest]: class path resource [com/jojoldu/book/springboot/domain/posts/PostsRepositoryTest-context.xml] does not exist
17:32:50.299 [Test worker] DEBUG org.springframework.test.context.support.AbstractContextLoader - Did not detect default resource location for test class [com.jojoldu.book.springboot.domain.posts.PostsRepositoryTest]: class path resource [com/jojoldu/book/springboot/domain/posts/PostsRepositoryTestContext.groovy] does not exist
17:32:50.300 [Test worker] INFO org.springframework.test.context.support.AbstractContextLoader - Could not detect default resource locations for test class [com.jojoldu.book.springboot.domain.posts.PostsRepositoryTest]: no resource found for suffixes {-context.xml, Context.groovy}.
17:32:50.300 [Test worker] INFO org.springframework.test.context.support.AnnotationConfigContextLoaderUtils - Could not detect default configuration classes for test class [com.jojoldu.book.springboot.domain.posts.PostsRepositoryTest]: PostsRepositoryTest does not declare any static, non-private, non-final, nested classes annotated with @Configuration.
17:32:50.331 [Test worker] DEBUG org.springframework.test.context.support.ActiveProfilesUtils - Could not find an 'annotation declaring class' for annotation type [org.springframework.test.context.ActiveProfiles] and class [com.jojoldu.book.springboot.domain.posts.PostsRepositoryTest]
17:32:50.388 [Test worker] DEBUG org.springframework.context.annotation.ClassPathScanningCandidateComponentProvider - Identified candidate component class: file [/home/ebebe/com.jojodu.book/build/classes/java/main/com/jojoldu/book/springboot/Application.class]
17:32:50.389 [Test worker] INFO org.springframework.boot.test.context.SpringBootTestContextBootstrapper - Found @SpringBootConfiguration com.jojoldu.book.springboot.Application for test class com.jojoldu.book.springboot.domain.posts.PostsRepositoryTest
17:32:50.474 [Test worker] DEBUG org.springframework.boot.test.context.SpringBootTestContextBootstrapper - @TestExecutionListeners is not present for class [com.jojoldu.book.springboot.domain.posts.PostsRepositoryTest]: using defaults.
17:32:50.474 [Test worker] INFO org.springframework.boot.test.context.SpringBootTestContextBootstrapper - Loaded default TestExecutionListener class names from location [META-INF/spring.factories]: [org.springframework.security.test.context.support.WithSecurityContextTestExecutionListener, org.springframework.security.test.context.support.ReactorContextTestExecutionListener, org.springframework.boot.test.autoconfigure.restdocs.RestDocsTestExecutionListener, org.springframework.boot.test.autoconfigure.web.client.MockRestServiceServerResetTestExecutionListener, org.springframework.boot.test.autoconfigure.web.servlet.MockMvcPrintOnlyOnFailureTestExecutionListener, org.springframework.boot.test.autoconfigure.web.servlet.WebDriverTestExecutionListener, org.springframework.boot.test.mock.mockito.MockitoTestExecutionListener, org.springframework.boot.test.mock.mockito.ResetMocksTestExecutionListener, org.springframework.test.context.web.ServletTestExecutionListener, org.springframework.test.context.support.DirtiesContextBeforeModesTestExecutionListener, org.springframework.test.context.support.DependencyInjectionTestExecutionListener, org.springframework.test.context.support.DirtiesContextTestExecutionListener, org.springframework.test.context.transaction.TransactionalTestExecutionListener, org.springframework.test.context.jdbc.SqlScriptsTestExecutionListener]
17:32:50.488 [Test worker] INFO org.springframework.boot.test.context.SpringBootTestContextBootstrapper - Using TestExecutionListeners: [org.springframework.test.context.web.ServletTestExecutionListener@59c78770, org.springframework.test.context.support.DirtiesContextBeforeModesTestExecutionListener@68d6f910, org.springframework.boot.test.mock.mockito.MockitoTestExecutionListener@4868f05d, org.springframework.boot.test.autoconfigure.SpringBootDependencyInjectionTestExecutionListener@730a149d, org.springframework.test.context.support.DirtiesContextTestExecutionListener@1693e18b, org.springframework.test.context.transaction.TransactionalTestExecutionListener@49528430, org.springframework.test.context.jdbc.SqlScriptsTestExecutionListener@46376f5f, org.springframework.security.test.context.support.WithSecurityContextTestExecutionListener@65ba35f8, org.springframework.security.test.context.support.ReactorContextTestExecutionListener@6cac1f7d, org.springframework.boot.test.autoconfigure.restdocs.RestDocsTestExecutionListener@318275dc, org.springframework.boot.test.autoconfigure.web.client.MockRestServiceServerResetTestExecutionListener@4c32b924, org.springframework.boot.test.autoconfigure.web.servlet.MockMvcPrintOnlyOnFailureTestExecutionListener@789350af, org.springframework.boot.test.autoconfigure.web.servlet.WebDriverTestExecutionListener@7448ef37, org.springframework.boot.test.mock.mockito.ResetMocksTestExecutionListener@56c658f7]
17:32:50.490 [Test worker] DEBUG org.springframework.test.annotation.ProfileValueUtils - Retrieved @ProfileValueSourceConfiguration [null] for test class [com.jojoldu.book.springboot.domain.posts.PostsRepositoryTest]
17:32:50.490 [Test worker] DEBUG org.springframework.test.annotation.ProfileValueUtils - Retrieved ProfileValueSource type [class org.springframework.test.annotation.SystemProfileValueSource] for class [com.jojoldu.book.springboot.domain.posts.PostsRepositoryTest]
17:32:50.491 [Test worker] DEBUG org.springframework.test.annotation.ProfileValueUtils - Retrieved @ProfileValueSourceConfiguration [null] for test class [com.jojoldu.book.springboot.domain.posts.PostsRepositoryTest]
17:32:50.491 [Test worker] DEBUG org.springframework.test.annotation.ProfileValueUtils - Retrieved ProfileValueSource type [class org.springframework.test.annotation.SystemProfileValueSource] for class [com.jojoldu.book.springboot.domain.posts.PostsRepositoryTest]
17:32:50.495 [Test worker] DEBUG org.springframework.test.context.support.AbstractDirtiesContextTestExecutionListener - Before test class: context [DefaultTestContext@2c6a9cd6 testClass = PostsRepositoryTest, testInstance = [null], testMethod = [null], testException = [null], mergedContextConfiguration = [WebMergedContextConfiguration@36a0e114 testClass = PostsRepositoryTest, locations = '{}', classes = '{class com.jojoldu.book.springboot.Application}', contextInitializerClasses = '[]', activeProfiles = '{}', propertySourceLocations = '{}', propertySourceProperties = '{org.springframework.boot.test.context.SpringBootTestContextBootstrapper=true}', contextCustomizers = set[org.springframework.boot.test.autoconfigure.properties.PropertyMappingContextCustomizer@0, org.springframework.boot.test.autoconfigure.web.servlet.WebDriverContextCustomizerFactory$Customizer@21610e9c, org.springframework.boot.test.context.filter.ExcludeFilterContextCustomizer@64d020a1, org.springframework.boot.test.json.DuplicateJsonObjectContextCustomizerFactory$DuplicateJsonObjectContextCustomizer@24bc88f3, org.springframework.boot.test.mock.mockito.MockitoContextCustomizer@0, org.springframework.boot.test.web.client.TestRestTemplateContextCustomizer@18bc8d1], resourceBasePath = 'src/main/webapp', contextLoader = 'org.springframework.boot.test.context.SpringBootContextLoader', parent = [null]], attributes = map['org.springframework.test.context.web.ServletTestExecutionListener.activateListener' -> true]], class annotated with @DirtiesContext [false] with mode [null].
17:32:50.495 [Test worker] DEBUG org.springframework.test.annotation.ProfileValueUtils - Retrieved @ProfileValueSourceConfiguration [null] for test class [com.jojoldu.book.springboot.domain.posts.PostsRepositoryTest]
17:32:50.495 [Test worker] DEBUG org.springframework.test.annotation.ProfileValueUtils - Retrieved ProfileValueSource type [class org.springframework.test.annotation.SystemProfileValueSource] for class [com.jojoldu.book.springboot.domain.posts.PostsRepositoryTest]
17:32:50.510 [Test worker] DEBUG org.springframework.test.context.support.TestPropertySourceUtils - Adding inlined properties to environment: {spring.jmx.enabled=false, org.springframework.boot.test.context.SpringBootTestContextBootstrapper=true, server.port=-1}

  .   ____          _            __ _ _
 /\\ / ___'_ __ _ _(_)_ __  __ _ \ \ \ \
( ( )\___ | '_ | '_| | '_ \/ _` | \ \ \ \
 \\/  ___)| |_)| | | | | || (_| |  ) ) ) )
  '  |____| .__|_| |_|_| |_\__, | / / / /
 =========|_|==============|___/=/_/_/_/
 :: Spring Boot ::        (v2.1.7.RELEASE)

2021-06-02 17:32:50.706  INFO 7356 --- [    Test worker] c.j.b.s.d.posts.PostsRepositoryTest      : Starting PostsRepositoryTest on ebebe-Rev-B with PID 7356 (started by ebebe in /home/ebebe/com.jojodu.book)
2021-06-02 17:32:50.707  INFO 7356 --- [    Test worker] c.j.b.s.d.posts.PostsRepositoryTest      : The following profiles are active: oauth
2021-06-02 17:32:51.386  INFO 7356 --- [    Test worker] .s.d.r.c.RepositoryConfigurationDelegate : Bootstrapping Spring Data repositories in DEFAULT mode.
2021-06-02 17:32:51.448  INFO 7356 --- [    Test worker] .s.d.r.c.RepositoryConfigurationDelegate : Finished Spring Data repository scanning in 54ms. Found 2 repository interfaces.
2021-06-02 17:32:51.847  INFO 7356 --- [    Test worker] trationDelegate$BeanPostProcessorChecker : Bean 'org.springframework.transaction.annotation.ProxyTransactionManagementConfiguration' of type [org.springframework.transaction.annotation.ProxyTransactionManagementConfiguration$$EnhancerBySpringCGLIB$$30a836f3] is not eligible for getting processed by all BeanPostProcessors (for example: not eligible for auto-proxying)
2021-06-02 17:32:52.077  INFO 7356 --- [    Test worker] com.zaxxer.hikari.HikariDataSource       : HikariPool-1 - Starting...
2021-06-02 17:32:52.212  INFO 7356 --- [    Test worker] com.zaxxer.hikari.HikariDataSource       : HikariPool-1 - Start completed.
2021-06-02 17:32:52.279  INFO 7356 --- [    Test worker] o.hibernate.jpa.internal.util.LogHelper  : HHH000204: Processing PersistenceUnitInfo [
	name: default
	...]
2021-06-02 17:32:52.335  INFO 7356 --- [    Test worker] org.hibernate.Version                    : HHH000412: Hibernate Core {5.3.10.Final}
2021-06-02 17:32:52.337  INFO 7356 --- [    Test worker] org.hibernate.cfg.Environment            : HHH000206: hibernate.properties not found
2021-06-02 17:32:52.449  INFO 7356 --- [    Test worker] o.hibernate.annotations.common.Version   : HCANN000001: Hibernate Commons Annotations {5.0.4.Final}
2021-06-02 17:32:52.579  INFO 7356 --- [    Test worker] org.hibernate.dialect.Dialect            : HHH000400: Using dialect: org.hibernate.dialect.MySQL5InnoDBDialect
Hibernate: drop table if exists posts
Hibernate: drop table if exists user
Hibernate: create table posts (id bigint not null auto_increment, created_date datetime, modified_date datetime, author varchar(255), content TEXT not null, title varchar(500) not null, primary key (id)) engine=InnoDB
Hibernate: create table user (id bigint not null auto_increment, created_date datetime, modified_date datetime, email varchar(255) not null, name varchar(255) not null, picture varchar(255), role varchar(255) not null, primary key (id)) engine=InnoDB
2021-06-02 17:32:53.195  INFO 7356 --- [    Test worker] o.h.t.schema.internal.SchemaCreatorImpl  : HHH000476: Executing import script 'org.hibernate.tool.schema.internal.exec.ScriptSourceInputNonExistentImpl@9436b85'
2021-06-02 17:32:53.198  INFO 7356 --- [    Test worker] j.LocalContainerEntityManagerFactoryBean : Initialized JPA EntityManagerFactory for persistence unit 'default'
2021-06-02 17:32:53.705  INFO 7356 --- [    Test worker] o.h.h.i.QueryTranslatorFactoryInitiator  : HHH000397: Using ASTQueryTranslatorFactory
2021-06-02 17:32:54.186  INFO 7356 --- [    Test worker] o.s.s.web.DefaultSecurityFilterChain     : Creating filter chain: any request, [org.springframework.security.web.context.request.async.WebAsyncManagerIntegrationFilter@5d285874, org.springframework.security.web.context.SecurityContextPersistenceFilter@4bd03a0c, org.springframework.security.web.header.HeaderWriterFilter@7b28f6ef, org.springframework.security.web.authentication.logout.LogoutFilter@16ccd3c4, org.springframework.security.oauth2.client.web.OAuth2AuthorizationRequestRedirectFilter@194e4cb5, org.springframework.security.oauth2.client.web.OAuth2LoginAuthenticationFilter@63ed3423, org.springframework.security.web.authentication.ui.DefaultLoginPageGeneratingFilter@44743ec9, org.springframework.security.web.authentication.ui.DefaultLogoutPageGeneratingFilter@1750bf5b, org.springframework.security.web.savedrequest.RequestCacheAwareFilter@78b1f84, org.springframework.security.web.servletapi.SecurityContextHolderAwareRequestFilter@1633dda5, org.springframework.security.web.authentication.AnonymousAuthenticationFilter@575f487e, org.springframework.security.web.session.SessionManagementFilter@2615df08, org.springframework.security.web.access.ExceptionTranslationFilter@735e0487, org.springframework.security.web.access.intercept.FilterSecurityInterceptor@625d89d8]
2021-06-02 17:32:54.627  INFO 7356 --- [    Test worker] o.s.s.concurrent.ThreadPoolTaskExecutor  : Initializing ExecutorService 'applicationTaskExecutor'
2021-06-02 17:32:54.674  WARN 7356 --- [    Test worker] aWebConfiguration$JpaWebMvcConfiguration : spring.jpa.open-in-view is enabled by default. Therefore, database queries may be performed during view rendering. Explicitly configure spring.jpa.open-in-view to disable this warning
2021-06-02 17:32:54.719  INFO 7356 --- [    Test worker] o.s.b.a.w.s.WelcomePageHandlerMapping    : Adding welcome page template: index
2021-06-02 17:32:55.139  INFO 7356 --- [    Test worker] s.a.ScheduledAnnotationBeanPostProcessor : No TaskScheduler/ScheduledExecutorService bean found for scheduled processing
2021-06-02 17:32:55.149  INFO 7356 --- [    Test worker] c.j.b.s.d.posts.PostsRepositoryTest      : Started PostsRepositoryTest in 4.633 seconds (JVM running for 5.398)
Hibernate: insert into posts (created_date, modified_date, author, content, title) values (?, ?, ?, ?, ?)
Hibernate: select posts0_.id as id1_0_, posts0_.created_date as created_2_0_, posts0_.modified_date as modified3_0_, posts0_.author as author4_0_, posts0_.content as content5_0_, posts0_.title as title6_0_ from posts posts0_
Hibernate: select posts0_.id as id1_0_, posts0_.created_date as created_2_0_, posts0_.modified_date as modified3_0_, posts0_.author as author4_0_, posts0_.content as content5_0_, posts0_.title as title6_0_ from posts posts0_
Hibernate: delete from posts where id=?
Hibernate: insert into posts (created_date, modified_date, author, content, title) values (?, ?, ?, ?, ?)
Hibernate: select posts0_.id as id1_0_, posts0_.created_date as created_2_0_, posts0_.modified_date as modified3_0_, posts0_.author as author4_0_, posts0_.content as content5_0_, posts0_.title as title6_0_ from posts posts0_
>>>>>> createDt2021-06-02T17:32:55.399, modifiedDate=2021-06-02T17:32:55.399
Hibernate: select posts0_.id as id1_0_, posts0_.created_date as created_2_0_, posts0_.modified_date as modified3_0_, posts0_.author as author4_0_, posts0_.content as content5_0_, posts0_.title as title6_0_ from posts posts0_
Hibernate: delete from posts where id=?
]]></system-out>
  <system-err><![CDATA[]]></system-err>
</testsuite>
