<?xml version="1.0" encoding="UTF-8"?>
<testsuite name="com.jojoldu.book.springboot.web.dto.IndexControllerTest" tests="1" skipped="0" failures="0" errors="0" timestamp="2021-06-02T08:32:57" hostname="ebebe-Rev-B" time="0.178">
  <properties/>
  <testcase name="mainPage_load" classname="com.jojoldu.book.springboot.web.dto.IndexControllerTest" time="0.178"/>
  <system-out><![CDATA[2021-06-02 17:32:57.149  INFO 7356 --- [    Test worker] .b.t.c.SpringBootTestContextBootstrapper : Neither @ContextConfiguration nor @ContextHierarchy found for test class [com.jojoldu.book.springboot.web.dto.IndexControllerTest], using SpringBootContextLoader
2021-06-02 17:32:57.150  INFO 7356 --- [    Test worker] o.s.t.c.support.AbstractContextLoader    : Could not detect default resource locations for test class [com.jojoldu.book.springboot.web.dto.IndexControllerTest]: no resource found for suffixes {-context.xml, Context.groovy}.
2021-06-02 17:32:57.150  INFO 7356 --- [    Test worker] t.c.s.AnnotationConfigContextLoaderUtils : Could not detect default configuration classes for test class [com.jojoldu.book.springboot.web.dto.IndexControllerTest]: IndexControllerTest does not declare any static, non-private, non-final, nested classes annotated with @Configuration.
2021-06-02 17:32:57.156  INFO 7356 --- [    Test worker] .b.t.c.SpringBootTestContextBootstrapper : Found @SpringBootConfiguration com.jojoldu.book.springboot.Application for test class com.jojoldu.book.springboot.web.dto.IndexControllerTest
2021-06-02 17:32:57.157  INFO 7356 --- [    Test worker] .b.t.c.SpringBootTestContextBootstrapper : Loaded default TestExecutionListener class names from location [META-INF/spring.factories]: [org.springframework.security.test.context.support.WithSecurityContextTestExecutionListener, org.springframework.security.test.context.support.ReactorContextTestExecutionListener, org.springframework.boot.test.autoconfigure.restdocs.RestDocsTestExecutionListener, org.springframework.boot.test.autoconfigure.web.client.MockRestServiceServerResetTestExecutionListener, org.springframework.boot.test.autoconfigure.web.servlet.MockMvcPrintOnlyOnFailureTestExecutionListener, org.springframework.boot.test.autoconfigure.web.servlet.WebDriverTestExecutionListener, org.springframework.boot.test.mock.mockito.MockitoTestExecutionListener, org.springframework.boot.test.mock.mockito.ResetMocksTestExecutionListener, org.springframework.test.context.web.ServletTestExecutionListener, org.springframework.test.context.support.DirtiesContextBeforeModesTestExecutionListener, org.springframework.test.context.support.DependencyInjectionTestExecutionListener, org.springframework.test.context.support.DirtiesContextTestExecutionListener, org.springframework.test.context.transaction.TransactionalTestExecutionListener, org.springframework.test.context.jdbc.SqlScriptsTestExecutionListener]
2021-06-02 17:32:57.158  INFO 7356 --- [    Test worker] .b.t.c.SpringBootTestContextBootstrapper : Using TestExecutionListeners: [org.springframework.test.context.web.ServletTestExecutionListener@58e316e, org.springframework.test.context.support.DirtiesContextBeforeModesTestExecutionListener@1434bdaf, org.springframework.boot.test.mock.mockito.MockitoTestExecutionListener@471a5fee, org.springframework.boot.test.autoconfigure.SpringBootDependencyInjectionTestExecutionListener@781ad4c, org.springframework.test.context.support.DirtiesContextTestExecutionListener@73f0e993, org.springframework.test.context.transaction.TransactionalTestExecutionListener@4218fb87, org.springframework.test.context.jdbc.SqlScriptsTestExecutionListener@57683905, org.springframework.security.test.context.support.WithSecurityContextTestExecutionListener@5d890569, org.springframework.security.test.context.support.ReactorContextTestExecutionListener@29c1d33a, org.springframework.boot.test.autoconfigure.restdocs.RestDocsTestExecutionListener@2c80d146, org.springframework.boot.test.autoconfigure.web.client.MockRestServiceServerResetTestExecutionListener@3ab675c2, org.springframework.boot.test.autoconfigure.web.servlet.MockMvcPrintOnlyOnFailureTestExecutionListener@2f819db0, org.springframework.boot.test.autoconfigure.web.servlet.WebDriverTestExecutionListener@8fed379, org.springframework.boot.test.mock.mockito.ResetMocksTestExecutionListener@225e29c1]
2021-06-02 17:32:57.261  INFO 7356 --- [o-auto-1-exec-1] o.a.c.c.C.[Tomcat].[localhost].[/]       : Initializing Spring DispatcherServlet 'dispatcherServlet'
2021-06-02 17:32:57.261  INFO 7356 --- [o-auto-1-exec-1] o.s.web.servlet.DispatcherServlet        : Initializing Servlet 'dispatcherServlet'
2021-06-02 17:32:57.266  INFO 7356 --- [o-auto-1-exec-1] o.s.web.servlet.DispatcherServlet        : Completed initialization in 5 ms
Hibernate: select posts0_.id as id1_0_, posts0_.created_date as created_2_0_, posts0_.modified_date as modified3_0_, posts0_.author as author4_0_, posts0_.content as content5_0_, posts0_.title as title6_0_ from posts posts0_ order by posts0_.id DESC
]]></system-out>
  <system-err><![CDATA[]]></system-err>
</testsuite>
